<?xml version="1.0" encoding="UTF-8"?>
<testng-results ignored="0" total="3" passed="3" failed="0" skipped="0">
  <reporter-output>
  </reporter-output>
  <suite started-at="2022-10-23T20:41:38Z" name="Default suite" finished-at="2022-10-23T20:42:35Z" duration-ms="57512">
    <groups>
    </groups>
    <test started-at="2022-10-23T20:41:38Z" name="Default test" finished-at="2022-10-23T20:42:35Z" duration-ms="57512">
      <class name="Tests.Scenario1">
        <test-method is-config="true" signature="setup()[pri:0, instance:Tests.Scenario1@6c0d7c83]" started-at="2022-10-23T20:41:38Z" name="setup" finished-at="2022-10-23T20:41:50Z" duration-ms="12312" status="PASS">
          <reporter-output>
          </reporter-output>
        </test-method> <!-- setup -->
        <test-method signature="select_popular_rout()[pri:1, instance:Tests.Scenario1@6c0d7c83]" started-at="2022-10-23T20:41:50Z" name="select_popular_rout" finished-at="2022-10-23T20:41:58Z" duration-ms="7846" status="PASS">
          <reporter-output>
          </reporter-output>
        </test-method> <!-- select_popular_rout -->
        <test-method signature="select_seats()[pri:2, instance:Tests.Scenario1@6c0d7c83]" started-at="2022-10-23T20:41:58Z" name="select_seats" finished-at="2022-10-23T20:42:22Z" duration-ms="24636" status="PASS">
          <reporter-output>
          </reporter-output>
        </test-method> <!-- select_seats -->
        <test-method signature="complete_data()[pri:3, instance:Tests.Scenario1@6c0d7c83]" started-at="2022-10-23T20:42:22Z" name="complete_data" finished-at="2022-10-23T20:42:35Z" duration-ms="12675" status="PASS">
          <reporter-output>
          </reporter-output>
        </test-method> <!-- complete_data -->
      </class> <!-- Tests.Scenario1 -->
    </test> <!-- Default test -->
  </suite> <!-- Default suite -->
</testng-results>
